  [1m[35m (408.6ms)[0m  [1m[35mCREATE DATABASE "chatty_development" ENCODING = 'unicode'[0m
  [1m[35m (59.6ms)[0m  [1m[35mCREATE TABLE "schema_migrations" ("version" character varying PRIMARY KEY) [0m
  [1m[35m (5.6ms)[0m  [1m[35mCREATE TABLE "ar_internal_metadata" ("key" character varying PRIMARY KEY, "value" character varying, "created_at" timestamp NOT NULL, "updated_at" timestamp NOT NULL) [0m
  [1m[35m (2.3ms)[0m  [1m[34mSELECT pg_try_advisory_lock(7155997081170417795);[0m
  [1m[36mActiveRecord::SchemaMigration Load (0.5ms)[0m  [1m[34mSELECT "schema_migrations".* FROM "schema_migrations"[0m
Migrating to CreateUsers (1)
  [1m[35m (0.2ms)[0m  [1m[35mBEGIN[0m
  [1m[35m (13.3ms)[0m  [1m[35mCREATE TABLE "users" ("id" serial primary key, "username" character varying, "created_at" timestamp NOT NULL, "updated_at" timestamp NOT NULL) [0m
  [1m[35mSQL (1.0ms)[0m  [1m[32mINSERT INTO "schema_migrations" ("version") VALUES ($1) RETURNING "version"[0m  [["version", "1"]]
  [1m[35m (0.5ms)[0m  [1m[35mCOMMIT[0m
Migrating to CreateChatrooms (2)
  [1m[35m (0.3ms)[0m  [1m[35mBEGIN[0m
  [1m[35m (4.4ms)[0m  [1m[35mCREATE TABLE "chatrooms" ("id" serial primary key, "topic" character varying, "created_at" timestamp NOT NULL, "updated_at" timestamp NOT NULL) [0m
  [1m[35mSQL (0.4ms)[0m  [1m[32mINSERT INTO "schema_migrations" ("version") VALUES ($1) RETURNING "version"[0m  [["version", "2"]]
  [1m[35m (0.5ms)[0m  [1m[35mCOMMIT[0m
Migrating to CreateMessages (3)
  [1m[35m (0.3ms)[0m  [1m[35mBEGIN[0m
  [1m[35m (14.1ms)[0m  [1m[35mCREATE TABLE "messages" ("id" serial primary key, "content" character varying, "user_id" integer, "chatroom_id" integer, "created_at" timestamp NOT NULL, "updated_at" timestamp NOT NULL, CONSTRAINT "fk_rails_273a25a7a6"
FOREIGN KEY ("user_id")
  REFERENCES "users" ("id")
, CONSTRAINT "fk_rails_5d3b5a27f5"
FOREIGN KEY ("chatroom_id")
  REFERENCES "chatrooms" ("id")
) [0m
  [1m[35m (1.1ms)[0m  [1m[35mCREATE  INDEX  "index_messages_on_user_id" ON "messages"  ("user_id")[0m
  [1m[35m (1.3ms)[0m  [1m[35mCREATE  INDEX  "index_messages_on_chatroom_id" ON "messages"  ("chatroom_id")[0m
  [1m[35mSQL (0.3ms)[0m  [1m[32mINSERT INTO "schema_migrations" ("version") VALUES ($1) RETURNING "version"[0m  [["version", "3"]]
  [1m[35m (0.6ms)[0m  [1m[35mCOMMIT[0m
Migrating to AddSlugToChatrooms (4)
  [1m[35m (0.3ms)[0m  [1m[35mBEGIN[0m
  [1m[35m (1.4ms)[0m  [1m[35mALTER TABLE "chatrooms" ADD "slug" character varying[0m
  [1m[35mSQL (14.8ms)[0m  [1m[32mINSERT INTO "schema_migrations" ("version") VALUES ($1) RETURNING "version"[0m  [["version", "4"]]
  [1m[35m (1.6ms)[0m  [1m[35mCOMMIT[0m
  [1m[36mActiveRecord::InternalMetadata Load (0.8ms)[0m  [1m[34mSELECT  "ar_internal_metadata".* FROM "ar_internal_metadata" ORDER BY "ar_internal_metadata"."key" ASC LIMIT $1[0m  [["LIMIT", 1]]
  [1m[35m (0.2ms)[0m  [1m[35mBEGIN[0m
  [1m[35mSQL (1.5ms)[0m  [1m[32mINSERT INTO "ar_internal_metadata" ("key", "value", "created_at", "updated_at") VALUES ($1, $2, $3, $4) RETURNING "key"[0m  [["key", "environment"], ["value", "development"], ["created_at", 2017-06-14 19:01:14 UTC], ["updated_at", 2017-06-14 19:01:14 UTC]]
  [1m[35m (0.3ms)[0m  [1m[35mCOMMIT[0m
  [1m[35m (0.3ms)[0m  [1m[34mSELECT pg_advisory_unlock(7155997081170417795)[0m
  [1m[36mActiveRecord::SchemaMigration Load (0.2ms)[0m  [1m[34mSELECT "schema_migrations".* FROM "schema_migrations"[0m
  [1m[35m (10.1ms)[0m  [1m[34mSELECT t2.oid::regclass::text AS to_table, a1.attname AS column, a2.attname AS primary_key, c.conname AS name, c.confupdtype AS on_update, c.confdeltype AS on_delete
FROM pg_constraint c
JOIN pg_class t1 ON c.conrelid = t1.oid
JOIN pg_class t2 ON c.confrelid = t2.oid
JOIN pg_attribute a1 ON a1.attnum = c.conkey[1] AND a1.attrelid = t1.oid
JOIN pg_attribute a2 ON a2.attnum = c.confkey[1] AND a2.attrelid = t2.oid
JOIN pg_namespace t3 ON c.connamespace = t3.oid
WHERE c.contype = 'f'
  AND t1.relname = 'chatrooms'
  AND t3.nspname = ANY (current_schemas(false))
ORDER BY c.conname
[0m
  [1m[35m (3.7ms)[0m  [1m[34mSELECT t2.oid::regclass::text AS to_table, a1.attname AS column, a2.attname AS primary_key, c.conname AS name, c.confupdtype AS on_update, c.confdeltype AS on_delete
FROM pg_constraint c
JOIN pg_class t1 ON c.conrelid = t1.oid
JOIN pg_class t2 ON c.confrelid = t2.oid
JOIN pg_attribute a1 ON a1.attnum = c.conkey[1] AND a1.attrelid = t1.oid
JOIN pg_attribute a2 ON a2.attnum = c.confkey[1] AND a2.attrelid = t2.oid
JOIN pg_namespace t3 ON c.connamespace = t3.oid
WHERE c.contype = 'f'
  AND t1.relname = 'messages'
  AND t3.nspname = ANY (current_schemas(false))
ORDER BY c.conname
[0m
  [1m[35m (3.6ms)[0m  [1m[34mSELECT t2.oid::regclass::text AS to_table, a1.attname AS column, a2.attname AS primary_key, c.conname AS name, c.confupdtype AS on_update, c.confdeltype AS on_delete
FROM pg_constraint c
JOIN pg_class t1 ON c.conrelid = t1.oid
JOIN pg_class t2 ON c.confrelid = t2.oid
JOIN pg_attribute a1 ON a1.attnum = c.conkey[1] AND a1.attrelid = t1.oid
JOIN pg_attribute a2 ON a2.attnum = c.confkey[1] AND a2.attrelid = t2.oid
JOIN pg_namespace t3 ON c.connamespace = t3.oid
WHERE c.contype = 'f'
  AND t1.relname = 'users'
  AND t3.nspname = ANY (current_schemas(false))
ORDER BY c.conname
[0m
Started GET "/" for ::1 at 2017-06-15 02:02:11 +0700
  [1m[36mActiveRecord::SchemaMigration Load (0.7ms)[0m  [1m[34mSELECT "schema_migrations".* FROM "schema_migrations"[0m
Processing by WelcomeController#about as HTML
  Rendered welcome/about.html.erb within layouts/application (3.6ms)
  Rendered layouts/_navbar_links.html.erb (8.5ms)
  Rendered layouts/_navbar.html.erb (15.3ms)
Completed 200 OK in 6886ms (Views: 6860.2ms | ActiveRecord: 0.0ms)


Started GET "/assets/jquery_ujs.self-e87806d0cf4489aeb1bb7288016024e8de67fd18db693fe026fe3907581e53cd.js?body=1" for ::1 at 2017-06-15 02:02:18 +0700
Started GET "/assets/application.self-6bab4a1d3f01c56b752b789a0b7ca2144259685d9e6beab142619abd31a2557b.css?body=1" for ::1 at 2017-06-15 02:02:18 +0700
Started GET "/assets/jquery.self-660adc51e0224b731d29f575a6f1ec167ba08ad06ed5deca4f1e8654c135bf4c.js?body=1" for ::1 at 2017-06-15 02:02:18 +0700
Started GET "/assets/turbolinks.self-979a09514ef27c84df025c07108a05438ba97cfec71073dcb800a4d327044e02.js?body=1" for ::1 at 2017-06-15 02:02:18 +0700
Started GET "/assets/bootstrap/affix.self-3555752f8a930795ee9e56751a52e6871104ae85d01b3ab8363da3802a5ecc78.js?body=1" for ::1 at 2017-06-15 02:02:18 +0700
Started GET "/assets/bootstrap/button.self-e74d33ba39500940a78d6fa4d2d64f6ca7fd86d60a2149641f7fde7ba711d8a1.js?body=1" for ::1 at 2017-06-15 02:02:18 +0700
Started GET "/assets/bootstrap/carousel.self-35d204878d906298e55bc24553e11fd89b980fc4ffe5792fe36af8c0da289c54.js?body=1" for ::1 at 2017-06-15 02:02:18 +0700
Started GET "/assets/bootstrap/collapse.self-056c40532d9f0f126ec17e839f60c942f573fbd61a086e7f156306e3fc5e8c1f.js?body=1" for ::1 at 2017-06-15 02:02:18 +0700
Started GET "/assets/bootstrap/dropdown.self-e56c2ffee4618411d43ecf15c89273f6223847ad756e1cd17545d04afa732ed4.js?body=1" for ::1 at 2017-06-15 02:02:18 +0700
Started GET "/assets/bootstrap/modal.self-62463080dba6b9d024ff0a3192da0e76eacbc683194f3395047c6f5cfa0acb59.js?body=1" for ::1 at 2017-06-15 02:02:18 +0700
Started GET "/assets/bootstrap/scrollspy.self-52afd90e8ba97d9f08617a13986e8869d6c4a45751c0bff59a6f91241e722aca.js?body=1" for ::1 at 2017-06-15 02:02:18 +0700
Started GET "/assets/bootstrap/transition.self-3b268d4cd8c79e46ded7392885f72f64ffb5b0d49948a12b8cf9779f6163e13a.js?body=1" for ::1 at 2017-06-15 02:02:18 +0700
Started GET "/assets/bootstrap/tooltip.self-facdc69246a072acb927ded77ff655f7c27a518b9357fddd45d119fbc8a0ab9f.js?body=1" for ::1 at 2017-06-15 02:02:18 +0700
Started GET "/assets/bootstrap/tab.self-dad0d5c377f9fae26394484535ebb23ccf68afae084f896af6ea4cdf8c9f6ae0.js?body=1" for ::1 at 2017-06-15 02:02:18 +0700
Started GET "/assets/bootstrap/popover.self-210cff1fb4b72b71a29b5122180cb5937c8145cd13a934dc838280f1d9607a3e.js?body=1" for ::1 at 2017-06-15 02:02:18 +0700
Started GET "/assets/bootstrap-sprockets.self-fbfa5ad7d9aa0afe439ec4ff3883acc4cb92b62cb67c40d674320c9aa1d4642d.js?body=1" for ::1 at 2017-06-15 02:02:18 +0700
Started GET "/assets/cable.self-877aef30ae1b040ab8a3aba4e3e309a11d7f2612f44dde450b5c157aa5f95c05.js?body=1" for ::1 at 2017-06-15 02:02:18 +0700
Started GET "/assets/action_cable.self-2231fa0726679abb8d086b191624b8ed235eb844eda2cc9471fa0b6cb4c56a09.js?body=1" for ::1 at 2017-06-15 02:02:18 +0700
Started GET "/assets/channels/chatrooms.self-e4713229ed841d924fbbf76987425a78e4a581fe1f8301b6d1cb3895802dd9b7.js?body=1" for ::1 at 2017-06-15 02:02:18 +0700
Started GET "/assets/chatrooms.self-ec69bbbf8b3636baa8311f15971f81cd4137c1d1697d54f91558606a230ebe51.js?body=1" for ::1 at 2017-06-15 02:02:18 +0700
Started GET "/assets/channels/messages.self-5bc995491c022d4c804a1b48a283c7df35fa974520dd6159743999678d574cf9.js?body=1" for ::1 at 2017-06-15 02:02:18 +0700
Started GET "/assets/application.self-76b5c7924bef44847d55a6d91b508622898a3039bfa9a442199dbbac4404f386.js?body=1" for ::1 at 2017-06-15 02:02:18 +0700
Started GET "/assets/bootstrap/alert.self-d8b7bd612b3dcfdefb7b5539b9d5848d66ccbd3e7af8bb8d48bfb3288aaa7be8.js?body=1" for ::1 at 2017-06-15 02:02:18 +0700
Started GET "/cable" for ::1 at 2017-06-15 02:02:18 +0700
Started GET "/cable/" [WebSocket] for ::1 at 2017-06-15 02:02:18 +0700
Successfully upgraded to WebSocket (REQUEST_METHOD: GET, HTTP_CONNECTION: Upgrade, HTTP_UPGRADE: websocket)
MessagesChannel is transmitting the subscription confirmation
MessagesChannel is streaming from messages
Started GET "/assets/favicon-a4719dc1bd22f7aa97ab82501566399507f41fb4b79770c0480e3518f6109523.ico" for ::1 at 2017-06-15 02:02:19 +0700
Started GET "/" for ::1 at 2017-06-15 02:02:23 +0700
Processing by WelcomeController#about as HTML
  Rendered welcome/about.html.erb within layouts/application (0.7ms)
  Rendered layouts/_navbar_links.html.erb (0.9ms)
  Rendered layouts/_navbar.html.erb (4.9ms)
Completed 200 OK in 145ms (Views: 140.3ms | ActiveRecord: 0.0ms)


Started GET "/chatrooms" for ::1 at 2017-06-15 02:02:30 +0700
Processing by ChatroomsController#index as HTML
Redirected to http://localhost:3000/
Filter chain halted as :authenticate_user! rendered or redirected
Completed 302 Found in 2ms (ActiveRecord: 0.0ms)


Started GET "/" for ::1 at 2017-06-15 02:02:30 +0700
Processing by WelcomeController#about as HTML
  Rendered welcome/about.html.erb within layouts/application (1.0ms)
  Rendered layouts/_navbar_links.html.erb (1.4ms)
  Rendered layouts/_navbar.html.erb (4.5ms)
Completed 200 OK in 119ms (Views: 116.0ms | ActiveRecord: 0.0ms)


Started GET "/login" for ::1 at 2017-06-15 02:02:33 +0700
Processing by SessionsController#new as HTML
  Rendered layouts/_flash_errors.html.erb (1.4ms)
  Rendered sessions/new.html.erb within layouts/application (39.9ms)
  Rendered layouts/_navbar_links.html.erb (1.7ms)
  Rendered layouts/_navbar.html.erb (8.4ms)
Completed 200 OK in 227ms (Views: 177.3ms | ActiveRecord: 27.4ms)


Started GET "/signup" for ::1 at 2017-06-15 02:02:36 +0700
Processing by RegistrationsController#new as HTML
  Rendered layouts/_flash_errors.html.erb (2.4ms)
  Rendered registrations/new.html.erb within layouts/application (10.2ms)
  Rendered layouts/_navbar_links.html.erb (1.2ms)
  Rendered layouts/_navbar.html.erb (3.8ms)
Completed 200 OK in 174ms (Views: 157.3ms | ActiveRecord: 0.0ms)


Started POST "/signup" for ::1 at 2017-06-15 02:02:40 +0700
Processing by RegistrationsController#create as HTML
  Parameters: {"utf8"=>"✓", "authenticity_token"=>"gRbUVmXBwF1YFEUFh62XYtavfQXMoltus1Jfpa+W6JLdJgBMFIzSWLQvWbVX4UGfu+Xx8Cum/WqjMba2Lgq5rw==", "user"=>{"username"=>"trang"}, "commit"=>"sign up"}
  [1m[35m (0.3ms)[0m  [1m[35mBEGIN[0m
  [1m[36mUser Exists (6.1ms)[0m  [1m[34mSELECT  1 AS one FROM "users" WHERE "users"."username" = $1 LIMIT $2[0m  [["username", "trang"], ["LIMIT", 1]]
  [1m[35mSQL (2.4ms)[0m  [1m[32mINSERT INTO "users" ("username", "created_at", "updated_at") VALUES ($1, $2, $3) RETURNING "id"[0m  [["username", "trang"], ["created_at", 2017-06-14 19:02:40 UTC], ["updated_at", 2017-06-14 19:02:40 UTC]]
  [1m[35m (0.8ms)[0m  [1m[35mCOMMIT[0m
Redirected to http://localhost:3000/chatrooms
Completed 302 Found in 71ms (ActiveRecord: 9.6ms)


Started GET "/chatrooms" for ::1 at 2017-06-15 02:02:40 +0700
Processing by ChatroomsController#index as HTML
  [1m[36mUser Load (0.8ms)[0m  [1m[34mSELECT  "users".* FROM "users" WHERE "users"."id" = $1 LIMIT $2[0m  [["id", 1], ["LIMIT", 1]]
  Rendered chatrooms/_chatroom_form.html.erb (2.2ms)
  [1m[35m (2.3ms)[0m  [1m[34mSELECT COUNT(*) FROM "chatrooms"[0m
  Rendered chatrooms/index.html.erb within layouts/application (10.2ms)
  Rendered layouts/_navbar_links.html.erb (0.8ms)
  Rendered layouts/_navbar.html.erb (3.3ms)
Completed 200 OK in 124ms (Views: 95.7ms | ActiveRecord: 12.3ms)


Finished "/cable/" [WebSocket] for ::1 at 2017-06-15 02:02:40 +0700
MessagesChannel stopped streaming from messages
Started GET "/cable" for ::1 at 2017-06-15 02:02:41 +0700
Started GET "/cable/" [WebSocket] for ::1 at 2017-06-15 02:02:41 +0700
Successfully upgraded to WebSocket (REQUEST_METHOD: GET, HTTP_CONNECTION: Upgrade, HTTP_UPGRADE: websocket)
MessagesChannel is transmitting the subscription confirmation
MessagesChannel is streaming from messages
Started POST "/chatrooms" for ::1 at 2017-06-15 02:02:47 +0700
Processing by ChatroomsController#create as JS
  Parameters: {"utf8"=>"✓", "chatroom"=>{"topic"=>"futsal"}, "commit"=>"Create chatroom"}
  [1m[36mUser Load (2.1ms)[0m  [1m[34mSELECT  "users".* FROM "users" WHERE "users"."id" = $1 LIMIT $2[0m  [["id", 1], ["LIMIT", 1]]
  [1m[35m (0.1ms)[0m  [1m[35mBEGIN[0m
  [1m[36mChatroom Exists (1.4ms)[0m  [1m[34mSELECT  1 AS one FROM "chatrooms" WHERE "chatrooms"."topic" = $1 LIMIT $2[0m  [["topic", "futsal"], ["LIMIT", 1]]
  [1m[35mSQL (3.1ms)[0m  [1m[32mINSERT INTO "chatrooms" ("topic", "created_at", "updated_at", "slug") VALUES ($1, $2, $3, $4) RETURNING "id"[0m  [["topic", "futsal"], ["created_at", 2017-06-14 19:02:47 UTC], ["updated_at", 2017-06-14 19:02:47 UTC], ["slug", "futsal"]]
  [1m[35m (1.6ms)[0m  [1m[35mCOMMIT[0m
  Rendered chatrooms/create.js.erb (0.6ms)
Completed 200 OK in 24ms (Views: 6.3ms | ActiveRecord: 8.3ms)


Started GET "/chatrooms/new" for ::1 at 2017-06-15 02:02:50 +0700
Processing by ChatroomsController#new as HTML
  [1m[36mUser Load (5.5ms)[0m  [1m[34mSELECT  "users".* FROM "users" WHERE "users"."id" = $1 LIMIT $2[0m  [["id", 1], ["LIMIT", 1]]
  Rendered layouts/_flash_errors.html.erb (6.2ms)
  Rendered chatrooms/new.html.erb within layouts/application (12.1ms)
  Rendered layouts/_navbar_links.html.erb (1.3ms)
  Rendered layouts/_navbar.html.erb (4.7ms)
Completed 200 OK in 144ms (Views: 122.5ms | ActiveRecord: 5.5ms)


Started GET "/chatrooms" for ::1 at 2017-06-15 02:02:52 +0700
Processing by ChatroomsController#index as HTML
  [1m[36mUser Load (1.5ms)[0m  [1m[34mSELECT  "users".* FROM "users" WHERE "users"."id" = $1 LIMIT $2[0m  [["id", 1], ["LIMIT", 1]]
  Rendered chatrooms/_chatroom_form.html.erb (2.2ms)
  [1m[35m (1.7ms)[0m  [1m[34mSELECT COUNT(*) FROM "chatrooms"[0m
  [1m[36mChatroom Load (6.5ms)[0m  [1m[34mSELECT "chatrooms".* FROM "chatrooms"[0m
  Rendered collection of chatrooms/_chatroom.html.erb [1 times] (0.9ms)
  Rendered chatrooms/index.html.erb within layouts/application (22.0ms)
  Rendered layouts/_navbar_links.html.erb (0.9ms)
  Rendered layouts/_navbar.html.erb (3.2ms)
Completed 200 OK in 144ms (Views: 125.7ms | ActiveRecord: 10.0ms)


Started GET "/chatrooms/futsal" for ::1 at 2017-06-15 02:02:58 +0700
Processing by ChatroomsController#show as HTML
  Parameters: {"slug"=>"futsal"}
  [1m[36mUser Load (1.4ms)[0m  [1m[34mSELECT  "users".* FROM "users" WHERE "users"."id" = $1 LIMIT $2[0m  [["id", 1], ["LIMIT", 1]]
  [1m[36mChatroom Load (0.8ms)[0m  [1m[34mSELECT  "chatrooms".* FROM "chatrooms" WHERE "chatrooms"."slug" = $1 LIMIT $2[0m  [["slug", "futsal"], ["LIMIT", 1]]
  [1m[36mMessage Exists (10.9ms)[0m  [1m[34mSELECT  1 AS one FROM "messages" WHERE "messages"."chatroom_id" = $1 LIMIT $2[0m  [["chatroom_id", 1], ["LIMIT", 1]]
  Rendered messages/_message_form.html.erb (5.6ms)
  Rendered chatrooms/show.html.erb within layouts/application (41.1ms)
  Rendered layouts/_navbar_links.html.erb (1.4ms)
  Rendered layouts/_navbar.html.erb (3.5ms)
Completed 200 OK in 154ms (Views: 109.5ms | ActiveRecord: 19.2ms)


Started POST "/messages" for ::1 at 2017-06-15 02:03:01 +0700
Processing by MessagesController#create as JS
  Parameters: {"utf8"=>"✓", "authenticity_token"=>"RVckKe9iIsQzWalIecLfSOLCHsogLjnp7pKsFSA7uWE0Q5AFPY1v1Nt/qv1m8/j55tJ6JiMO+BaAEXkBRDYw0w==", "message"=>{"content"=>"hello", "chatroom_id"=>"1"}, "commit"=>"send"}
  [1m[36mUser Load (1.7ms)[0m  [1m[34mSELECT  "users".* FROM "users" WHERE "users"."id" = $1 LIMIT $2[0m  [["id", 1], ["LIMIT", 1]]
  [1m[35m (0.3ms)[0m  [1m[35mBEGIN[0m
  [1m[36mChatroom Load (1.0ms)[0m  [1m[34mSELECT  "chatrooms".* FROM "chatrooms" WHERE "chatrooms"."id" = $1 LIMIT $2[0m  [["id", 1], ["LIMIT", 1]]
  [1m[35mSQL (5.5ms)[0m  [1m[32mINSERT INTO "messages" ("content", "user_id", "chatroom_id", "created_at", "updated_at") VALUES ($1, $2, $3, $4, $5) RETURNING "id"[0m  [["content", "hello"], ["user_id", 1], ["chatroom_id", 1], ["created_at", 2017-06-14 19:03:01 UTC], ["updated_at", 2017-06-14 19:03:01 UTC]]
  [1m[35m (1.2ms)[0m  [1m[35mCOMMIT[0m
[ActionCable] Broadcasting to messages: {:message=>"hello", :user=>"trang"}
MessagesChannel transmitting {"message"=>"hello", "user"=>"trang"} (via streamed from messages)
Completed 200 OK in 31ms (ActiveRecord: 10.1ms)


Started GET "/chatrooms/new" for ::1 at 2017-06-15 02:04:28 +0700
Processing by ChatroomsController#new as HTML
  [1m[36mUser Load (2.6ms)[0m  [1m[34mSELECT  "users".* FROM "users" WHERE "users"."id" = $1 LIMIT $2[0m  [["id", 1], ["LIMIT", 1]]
  Rendered layouts/_flash_errors.html.erb (2.4ms)
  Rendered chatrooms/new.html.erb within layouts/application (39.0ms)
  Rendered layouts/_navbar_links.html.erb (4.3ms)
  Rendered layouts/_navbar.html.erb (9.5ms)
Completed 200 OK in 238ms (Views: 198.5ms | ActiveRecord: 3.0ms)


Started GET "/chatrooms" for ::1 at 2017-06-15 02:04:30 +0700
Processing by ChatroomsController#index as HTML
  [1m[36mUser Load (5.0ms)[0m  [1m[34mSELECT  "users".* FROM "users" WHERE "users"."id" = $1 LIMIT $2[0m  [["id", 1], ["LIMIT", 1]]
  Rendered chatrooms/_chatroom_form.html.erb (2.8ms)
  [1m[35m (3.7ms)[0m  [1m[34mSELECT COUNT(*) FROM "chatrooms"[0m
  [1m[36mChatroom Load (0.3ms)[0m  [1m[34mSELECT "chatrooms".* FROM "chatrooms"[0m
  Rendered collection of chatrooms/_chatroom.html.erb [1 times] (2.5ms)
  Rendered chatrooms/index.html.erb within layouts/application (26.3ms)
  Rendered layouts/_navbar_links.html.erb (2.0ms)
  Rendered layouts/_navbar.html.erb (5.3ms)
Completed 200 OK in 157ms (Views: 141.7ms | ActiveRecord: 9.0ms)


Started GET "/" for ::1 at 2017-06-15 02:04:31 +0700
Processing by WelcomeController#about as HTML
  [1m[36mUser Load (1.0ms)[0m  [1m[34mSELECT  "users".* FROM "users" WHERE "users"."id" = $1 LIMIT $2[0m  [["id", 1], ["LIMIT", 1]]
  Rendered welcome/about.html.erb within layouts/application (3.0ms)
  Rendered layouts/_navbar_links.html.erb (2.2ms)
  Rendered layouts/_navbar.html.erb (5.1ms)
Completed 200 OK in 128ms (Views: 122.0ms | ActiveRecord: 1.0ms)


Started GET "/assets/bootstrap/glyphicons-halflings-regular-fe185d11a49676890d47bb783312a0cda5a44c4039214094e7957b4c040ef11c.woff2" for ::1 at 2017-06-15 02:04:31 +0700
Started GET "/" for ::1 at 2017-06-15 02:06:52 +0700
Processing by WelcomeController#about as HTML
  Rendered welcome/about.html.erb within layouts/application (3.6ms)
  Rendered layouts/_navbar_links.html.erb (2.2ms)
  Rendered layouts/_navbar.html.erb (7.0ms)
Completed 200 OK in 236ms (Views: 222.4ms | ActiveRecord: 0.0ms)


Started GET "/assets/application.self-6bab4a1d3f01c56b752b789a0b7ca2144259685d9e6beab142619abd31a2557b.css?body=1" for ::1 at 2017-06-15 02:06:53 +0700
Started GET "/assets/jquery.self-660adc51e0224b731d29f575a6f1ec167ba08ad06ed5deca4f1e8654c135bf4c.js?body=1" for ::1 at 2017-06-15 02:06:53 +0700
Started GET "/assets/bootstrap/alert.self-d8b7bd612b3dcfdefb7b5539b9d5848d66ccbd3e7af8bb8d48bfb3288aaa7be8.js?body=1" for ::1 at 2017-06-15 02:06:53 +0700
Started GET "/assets/jquery_ujs.self-e87806d0cf4489aeb1bb7288016024e8de67fd18db693fe026fe3907581e53cd.js?body=1" for ::1 at 2017-06-15 02:06:53 +0700
Started GET "/assets/turbolinks.self-979a09514ef27c84df025c07108a05438ba97cfec71073dcb800a4d327044e02.js?body=1" for ::1 at 2017-06-15 02:06:53 +0700
Started GET "/assets/bootstrap/button.self-e74d33ba39500940a78d6fa4d2d64f6ca7fd86d60a2149641f7fde7ba711d8a1.js?body=1" for ::1 at 2017-06-15 02:06:53 +0700
Started GET "/assets/bootstrap/collapse.self-056c40532d9f0f126ec17e839f60c942f573fbd61a086e7f156306e3fc5e8c1f.js?body=1" for ::1 at 2017-06-15 02:06:53 +0700
Started GET "/assets/bootstrap/carousel.self-35d204878d906298e55bc24553e11fd89b980fc4ffe5792fe36af8c0da289c54.js?body=1" for ::1 at 2017-06-15 02:06:53 +0700
Started GET "/assets/bootstrap/dropdown.self-e56c2ffee4618411d43ecf15c89273f6223847ad756e1cd17545d04afa732ed4.js?body=1" for ::1 at 2017-06-15 02:06:53 +0700
Started GET "/assets/bootstrap/modal.self-62463080dba6b9d024ff0a3192da0e76eacbc683194f3395047c6f5cfa0acb59.js?body=1" for ::1 at 2017-06-15 02:06:53 +0700
Started GET "/assets/bootstrap/scrollspy.self-52afd90e8ba97d9f08617a13986e8869d6c4a45751c0bff59a6f91241e722aca.js?body=1" for ::1 at 2017-06-15 02:06:53 +0700
Started GET "/assets/bootstrap/tab.self-dad0d5c377f9fae26394484535ebb23ccf68afae084f896af6ea4cdf8c9f6ae0.js?body=1" for ::1 at 2017-06-15 02:06:53 +0700
Started GET "/assets/bootstrap/tooltip.self-facdc69246a072acb927ded77ff655f7c27a518b9357fddd45d119fbc8a0ab9f.js?body=1" for ::1 at 2017-06-15 02:06:53 +0700
Started GET "/assets/bootstrap/transition.self-3b268d4cd8c79e46ded7392885f72f64ffb5b0d49948a12b8cf9779f6163e13a.js?body=1" for ::1 at 2017-06-15 02:06:53 +0700
Started GET "/assets/bootstrap/popover.self-210cff1fb4b72b71a29b5122180cb5937c8145cd13a934dc838280f1d9607a3e.js?body=1" for ::1 at 2017-06-15 02:06:53 +0700
Started GET "/assets/bootstrap-sprockets.self-fbfa5ad7d9aa0afe439ec4ff3883acc4cb92b62cb67c40d674320c9aa1d4642d.js?body=1" for ::1 at 2017-06-15 02:06:53 +0700
Started GET "/assets/channels/chatrooms.self-e4713229ed841d924fbbf76987425a78e4a581fe1f8301b6d1cb3895802dd9b7.js?body=1" for ::1 at 2017-06-15 02:06:53 +0700
Started GET "/assets/cable.self-877aef30ae1b040ab8a3aba4e3e309a11d7f2612f44dde450b5c157aa5f95c05.js?body=1" for ::1 at 2017-06-15 02:06:53 +0700
Started GET "/assets/action_cable.self-2231fa0726679abb8d086b191624b8ed235eb844eda2cc9471fa0b6cb4c56a09.js?body=1" for ::1 at 2017-06-15 02:06:53 +0700
Started GET "/assets/channels/messages.self-5bc995491c022d4c804a1b48a283c7df35fa974520dd6159743999678d574cf9.js?body=1" for ::1 at 2017-06-15 02:06:53 +0700
Started GET "/assets/chatrooms.self-ec69bbbf8b3636baa8311f15971f81cd4137c1d1697d54f91558606a230ebe51.js?body=1" for ::1 at 2017-06-15 02:06:53 +0700
Started GET "/assets/application.self-76b5c7924bef44847d55a6d91b508622898a3039bfa9a442199dbbac4404f386.js?body=1" for ::1 at 2017-06-15 02:06:53 +0700
Started GET "/assets/bootstrap/affix.self-3555752f8a930795ee9e56751a52e6871104ae85d01b3ab8363da3802a5ecc78.js?body=1" for ::1 at 2017-06-15 02:06:53 +0700
Started GET "/cable" for ::1 at 2017-06-15 02:06:53 +0700
Started GET "/cable/" [WebSocket] for ::1 at 2017-06-15 02:06:53 +0700
Successfully upgraded to WebSocket (REQUEST_METHOD: GET, HTTP_CONNECTION: Upgrade, HTTP_UPGRADE: websocket)
Started GET "/assets/favicon-a4719dc1bd22f7aa97ab82501566399507f41fb4b79770c0480e3518f6109523.ico" for ::1 at 2017-06-15 02:06:53 +0700
MessagesChannel is transmitting the subscription confirmation
MessagesChannel is streaming from messages
Started GET "/login" for ::1 at 2017-06-15 02:06:57 +0700
Processing by SessionsController#new as HTML
  Rendered layouts/_flash_errors.html.erb (1.2ms)
  Rendered sessions/new.html.erb within layouts/application (8.5ms)
  Rendered layouts/_navbar_links.html.erb (1.7ms)
  Rendered layouts/_navbar.html.erb (4.9ms)
Completed 200 OK in 123ms (Views: 117.7ms | ActiveRecord: 0.0ms)


Started POST "/login" for ::1 at 2017-06-15 02:06:59 +0700
Processing by SessionsController#create as HTML
  Parameters: {"utf8"=>"✓", "authenticity_token"=>"l3jw8qc0Ok5RuPqc81gNR+nmklH8XXkIDMTaym10peJGDvicdbaOWW/p4qKi9MGhwjXiNazuXJhqazYdGmSgyw==", "user"=>{"username"=>"bbb"}, "commit"=>"log in"}
  [1m[36mUser Load (1.9ms)[0m  [1m[34mSELECT  "users".* FROM "users" WHERE "users"."username" = $1 LIMIT $2[0m  [["username", "bbb"], ["LIMIT", 1]]
Redirected to http://localhost:3000/login
Completed 302 Found in 13ms (ActiveRecord: 1.9ms)


Started GET "/login" for ::1 at 2017-06-15 02:06:59 +0700
Processing by SessionsController#new as HTML
  Rendered layouts/_flash_errors.html.erb (0.9ms)
  Rendered sessions/new.html.erb within layouts/application (4.9ms)
  Rendered layouts/_navbar_links.html.erb (1.3ms)
  Rendered layouts/_navbar.html.erb (4.1ms)
Completed 200 OK in 107ms (Views: 102.8ms | ActiveRecord: 0.0ms)


Finished "/cable/" [WebSocket] for ::1 at 2017-06-15 02:06:59 +0700
MessagesChannel stopped streaming from messages
Started GET "/cable" for ::1 at 2017-06-15 02:06:59 +0700
Started GET "/cable/" [WebSocket] for ::1 at 2017-06-15 02:06:59 +0700
Successfully upgraded to WebSocket (REQUEST_METHOD: GET, HTTP_CONNECTION: Upgrade, HTTP_UPGRADE: websocket)
Started GET "/assets/bootstrap/glyphicons-halflings-regular-fe185d11a49676890d47bb783312a0cda5a44c4039214094e7957b4c040ef11c.woff2" for ::1 at 2017-06-15 02:06:59 +0700
MessagesChannel is transmitting the subscription confirmation
MessagesChannel is streaming from messages
Started GET "/signup" for ::1 at 2017-06-15 02:07:01 +0700
Processing by RegistrationsController#new as HTML
  Rendered layouts/_flash_errors.html.erb (4.1ms)
  Rendered registrations/new.html.erb within layouts/application (9.8ms)
  Rendered layouts/_navbar_links.html.erb (0.7ms)
  Rendered layouts/_navbar.html.erb (2.7ms)
Completed 200 OK in 101ms (Views: 97.4ms | ActiveRecord: 0.0ms)


Started POST "/signup" for ::1 at 2017-06-15 02:07:03 +0700
Processing by RegistrationsController#create as HTML
  Parameters: {"utf8"=>"✓", "authenticity_token"=>"hmt/wHtzrJDhxpvmUZKIwjV8lftY/Ax/LacklhstjPUgUeEEThrG4WHZ9D3yvTBw79WM9LUIu2Ea8J5bdveQBA==", "user"=>{"username"=>"bbb"}, "commit"=>"sign up"}
  [1m[35m (0.2ms)[0m  [1m[35mBEGIN[0m
  [1m[36mUser Exists (0.5ms)[0m  [1m[34mSELECT  1 AS one FROM "users" WHERE "users"."username" = $1 LIMIT $2[0m  [["username", "bbb"], ["LIMIT", 1]]
  [1m[35mSQL (1.5ms)[0m  [1m[32mINSERT INTO "users" ("username", "created_at", "updated_at") VALUES ($1, $2, $3) RETURNING "id"[0m  [["username", "bbb"], ["created_at", 2017-06-14 19:07:03 UTC], ["updated_at", 2017-06-14 19:07:03 UTC]]
  [1m[35m (0.7ms)[0m  [1m[35mCOMMIT[0m
Redirected to http://localhost:3000/chatrooms
Completed 302 Found in 11ms (ActiveRecord: 2.9ms)


Started GET "/chatrooms" for ::1 at 2017-06-15 02:07:03 +0700
Processing by ChatroomsController#index as HTML
  [1m[36mUser Load (0.6ms)[0m  [1m[34mSELECT  "users".* FROM "users" WHERE "users"."id" = $1 LIMIT $2[0m  [["id", 2], ["LIMIT", 1]]
  Rendered chatrooms/_chatroom_form.html.erb (1.5ms)
  [1m[35m (1.4ms)[0m  [1m[34mSELECT COUNT(*) FROM "chatrooms"[0m
  [1m[36mChatroom Load (0.4ms)[0m  [1m[34mSELECT "chatrooms".* FROM "chatrooms"[0m
  Rendered collection of chatrooms/_chatroom.html.erb [1 times] (0.8ms)
  Rendered chatrooms/index.html.erb within layouts/application (9.9ms)
  Rendered layouts/_navbar_links.html.erb (0.9ms)
  Rendered layouts/_navbar.html.erb (3.2ms)
Completed 200 OK in 116ms (Views: 109.1ms | ActiveRecord: 2.3ms)


Finished "/cable/" [WebSocket] for ::1 at 2017-06-15 02:07:04 +0700
MessagesChannel stopped streaming from messages
Started GET "/cable" for ::1 at 2017-06-15 02:07:04 +0700
Started GET "/cable/" [WebSocket] for ::1 at 2017-06-15 02:07:04 +0700
Successfully upgraded to WebSocket (REQUEST_METHOD: GET, HTTP_CONNECTION: Upgrade, HTTP_UPGRADE: websocket)
MessagesChannel is transmitting the subscription confirmation
MessagesChannel is streaming from messages
Started GET "/chatrooms" for ::1 at 2017-06-15 02:07:06 +0700
Processing by ChatroomsController#index as HTML
  [1m[36mUser Load (0.8ms)[0m  [1m[34mSELECT  "users".* FROM "users" WHERE "users"."id" = $1 LIMIT $2[0m  [["id", 2], ["LIMIT", 1]]
  Rendered chatrooms/_chatroom_form.html.erb (1.8ms)
  [1m[35m (0.6ms)[0m  [1m[34mSELECT COUNT(*) FROM "chatrooms"[0m
  [1m[36mChatroom Load (0.4ms)[0m  [1m[34mSELECT "chatrooms".* FROM "chatrooms"[0m
  Rendered collection of chatrooms/_chatroom.html.erb [1 times] (0.8ms)
  Rendered chatrooms/index.html.erb within layouts/application (10.2ms)
  Rendered layouts/_navbar_links.html.erb (0.9ms)
  Rendered layouts/_navbar.html.erb (4.2ms)
Completed 200 OK in 123ms (Views: 111.3ms | ActiveRecord: 5.3ms)


Started GET "/chatrooms/futsal" for ::1 at 2017-06-15 02:07:07 +0700
Processing by ChatroomsController#show as HTML
  Parameters: {"slug"=>"futsal"}
  [1m[36mUser Load (3.0ms)[0m  [1m[34mSELECT  "users".* FROM "users" WHERE "users"."id" = $1 LIMIT $2[0m  [["id", 2], ["LIMIT", 1]]
  [1m[36mChatroom Load (0.9ms)[0m  [1m[34mSELECT  "chatrooms".* FROM "chatrooms" WHERE "chatrooms"."slug" = $1 LIMIT $2[0m  [["slug", "futsal"], ["LIMIT", 1]]
  [1m[36mMessage Exists (5.3ms)[0m  [1m[34mSELECT  1 AS one FROM "messages" WHERE "messages"."chatroom_id" = $1 LIMIT $2[0m  [["chatroom_id", 1], ["LIMIT", 1]]
  [1m[36mMessage Load (0.5ms)[0m  [1m[34mSELECT "messages".* FROM "messages" WHERE "messages"."chatroom_id" = $1[0m  [["chatroom_id", 1]]
  [1m[36mUser Load (0.4ms)[0m  [1m[34mSELECT  "users".* FROM "users" WHERE "users"."id" = $1 LIMIT $2[0m  [["id", 1], ["LIMIT", 1]]
  Rendered collection of messages/_message.html.erb [1 times] (2.4ms)
  Rendered messages/_message_form.html.erb (3.4ms)
  Rendered chatrooms/show.html.erb within layouts/application (21.9ms)
  Rendered layouts/_navbar_links.html.erb (0.8ms)
  Rendered layouts/_navbar.html.erb (3.2ms)
Completed 200 OK in 111ms (Views: 89.2ms | ActiveRecord: 10.1ms)


Started POST "/messages" for ::1 at 2017-06-15 02:07:10 +0700
Processing by MessagesController#create as JS
  Parameters: {"utf8"=>"✓", "authenticity_token"=>"0gvDAhBsZy1CuG3rNGLNViGewXI1yhuwZi83q9GdeK/9Xs2CY21KDJHZ2X7EC1vqrJIdN/50vTUCllv7elVawA==", "message"=>{"content"=>"hey", "chatroom_id"=>"1"}, "commit"=>"send"}
  [1m[36mUser Load (0.4ms)[0m  [1m[34mSELECT  "users".* FROM "users" WHERE "users"."id" = $1 LIMIT $2[0m  [["id", 2], ["LIMIT", 1]]
  [1m[35m (0.1ms)[0m  [1m[35mBEGIN[0m
  [1m[36mChatroom Load (0.5ms)[0m  [1m[34mSELECT  "chatrooms".* FROM "chatrooms" WHERE "chatrooms"."id" = $1 LIMIT $2[0m  [["id", 1], ["LIMIT", 1]]
  [1m[35mSQL (2.9ms)[0m  [1m[32mINSERT INTO "messages" ("content", "user_id", "chatroom_id", "created_at", "updated_at") VALUES ($1, $2, $3, $4, $5) RETURNING "id"[0m  [["content", "hey"], ["user_id", 2], ["chatroom_id", 1], ["created_at", 2017-06-14 19:07:10 UTC], ["updated_at", 2017-06-14 19:07:10 UTC]]
  [1m[35m (0.5ms)[0m  [1m[35mCOMMIT[0m
[ActionCable] Broadcasting to messages: {:message=>"hey", :user=>"bbb"}
Completed 200 OK in 13ms (ActiveRecord: 4.5ms)


MessagesChannel transmitting {"message"=>"hey", "user"=>"bbb"} (via streamed from messages)
MessagesChannel transmitting {"message"=>"hey", "user"=>"bbb"} (via streamed from messages)
Started GET "/chatrooms" for ::1 at 2017-06-15 02:07:14 +0700
Processing by ChatroomsController#index as HTML
  [1m[36mUser Load (1.3ms)[0m  [1m[34mSELECT  "users".* FROM "users" WHERE "users"."id" = $1 LIMIT $2[0m  [["id", 1], ["LIMIT", 1]]
  Rendered chatrooms/_chatroom_form.html.erb (2.3ms)
  [1m[35m (1.6ms)[0m  [1m[34mSELECT COUNT(*) FROM "chatrooms"[0m
  [1m[36mChatroom Load (1.0ms)[0m  [1m[34mSELECT "chatrooms".* FROM "chatrooms"[0m
  Rendered collection of chatrooms/_chatroom.html.erb [1 times] (1.0ms)
  Rendered chatrooms/index.html.erb within layouts/application (14.0ms)
  Rendered layouts/_navbar_links.html.erb (1.1ms)
  Rendered layouts/_navbar.html.erb (4.0ms)
Completed 200 OK in 151ms (Views: 143.1ms | ActiveRecord: 3.9ms)


Started GET "/chatrooms/futsal" for ::1 at 2017-06-15 02:07:15 +0700
Processing by ChatroomsController#show as HTML
  Parameters: {"slug"=>"futsal"}
  [1m[36mUser Load (1.4ms)[0m  [1m[34mSELECT  "users".* FROM "users" WHERE "users"."id" = $1 LIMIT $2[0m  [["id", 1], ["LIMIT", 1]]
  [1m[36mChatroom Load (0.9ms)[0m  [1m[34mSELECT  "chatrooms".* FROM "chatrooms" WHERE "chatrooms"."slug" = $1 LIMIT $2[0m  [["slug", "futsal"], ["LIMIT", 1]]
  [1m[36mMessage Exists (0.9ms)[0m  [1m[34mSELECT  1 AS one FROM "messages" WHERE "messages"."chatroom_id" = $1 LIMIT $2[0m  [["chatroom_id", 1], ["LIMIT", 1]]
  [1m[36mMessage Load (1.4ms)[0m  [1m[34mSELECT "messages".* FROM "messages" WHERE "messages"."chatroom_id" = $1[0m  [["chatroom_id", 1]]
  [1m[36mCACHE (0.0ms)[0m  [1m[34mSELECT  "users".* FROM "users" WHERE "users"."id" = $1 LIMIT $2[0m  [["id", 1], ["LIMIT", 1]]
  [1m[36mUser Load (0.7ms)[0m  [1m[34mSELECT  "users".* FROM "users" WHERE "users"."id" = $1 LIMIT $2[0m  [["id", 2], ["LIMIT", 1]]
  Rendered collection of messages/_message.html.erb [2 times] (5.0ms)
  Rendered messages/_message_form.html.erb (2.8ms)
  Rendered chatrooms/show.html.erb within layouts/application (26.2ms)
  Rendered layouts/_navbar_links.html.erb (1.3ms)
  Rendered layouts/_navbar.html.erb (4.2ms)
Completed 200 OK in 126ms (Views: 114.9ms | ActiveRecord: 5.3ms)


